Fr 14. Jan 17:50:05 CET 2022 [INFO]: Image ./fotos/landung/depositphotos_30273183-stock-illustration-example-stamp.jpg cannot be converted to facebook formats due to a wrong format ([width=] < [height=]) 
Fr 14. Jan 17:50:05 CET 2022 [INFO]: Image ./fotos/landung/depositphotos_30273183-stock-illustration-example-stamp.jpg too small for instagram conversion 
Fr 14. Jan 17:50:29 CET 2022 [INFO]: Image ./fotos/landung/depositphotos_30273183-stock-illustration-example-stamp.jpg cannot be converted to facebook formats due to a wrong format ([width=] < [height=]) 
Fr 14. Jan 17:50:29 CET 2022 [INFO]: Image ./fotos/landung/depositphotos_30273183-stock-illustration-example-stamp.jpg too small for instagram conversion 
Fr 14. Jan 17:50:39 CET 2022 [INFO]: Image ./fotos/landung/depositphotos_30273183-stock-illustration-example-stamp.jpg cannot be converted to facebook formats due to a wrong format ([width=] < [height=]) 
Fr 14. Jan 17:50:39 CET 2022 [INFO]: Image ./fotos/landung/depositphotos_30273183-stock-illustration-example-stamp.jpg too small for instagram conversion 
Fr 14. Jan 17:50:56 CET 2022 [INFO]: Image ./fotos/landung/depositphotos_30273183-stock-illustration-example-stamp.jpg cannot be converted to facebook formats due to a wrong format ([width=] < [height=]) 
Fr 14. Jan 17:50:56 CET 2022 [INFO]: Image ./fotos/landung/depositphotos_30273183-stock-illustration-example-stamp.jpg too small for instagram conversion 
Fr 14. Jan 17:51:11 CET 2022 [INFO]: Image ./fotos/landung/depositphotos_30273183-stock-illustration-example-stamp.jpg cannot be converted to facebook formats due to a wrong format ([width=] < [height=]) 
Fr 14. Jan 17:51:11 CET 2022 [INFO]: Image ./fotos/landung/depositphotos_30273183-stock-illustration-example-stamp.jpg too small for instagram conversion 
Fr 14. Jan 17:53:16 CET 2022 [INFO]: Image ./fotos/landung/depositphotos_30273183-stock-illustration-example-stamp.jpg too small for facebook conversion: 2048 
Fr 14. Jan 17:53:16 CET 2022 [INFO]: Image ./fotos/landung/depositphotos_30273183-stock-illustration-example-stamp.jpg too small for instagram conversion 
Fr 14. Jan 17:53:29 CET 2022 [INFO]: Image ./fotos/landung/name mit space.jpg too small for facebook conversion: 2048 
Fr 14. Jan 17:53:29 CET 2022 [INFO]: Image ./fotos/landung/name mit space.jpg too small for instagram conversion 
Fr 14. Jan 17:53:57 CET 2022 [INFO]: Image ./fotos/landung/name mit space.jpg too small for facebook conversion: 2048 
Fr 14. Jan 17:53:57 CET 2022 [INFO]: Image ./fotos/landung/name mit space.jpg too small for instagram conversion 
Fr 14. Jan 17:55:25 CET 2022 [INFO]: Image ./fotos/landung/name mit space.jpg too small for facebook conversion: 2048 
Fr 14. Jan 17:55:25 CET 2022 [INFO]: Image ./fotos/landung/name mit space.jpg too small for instagram conversion 
Fr 14. Jan 17:56:06 CET 2022 [INFO]: Image ./fotos/landung/name mit space.jpg too small for facebook conversion: 2048 
Fr 14. Jan 17:56:06 CET 2022 [INFO]: Image ./fotos/landung/name mit space.jpg too small for instagram conversion 
Fr 14. Jan 17:59:51 CET 2022 [INFO]: Image ./fotos/landung/name mit space.jpg too small for facebook conversion: 2048 
Fr 14. Jan 17:59:51 CET 2022 [INFO]: Image ./fotos/landung/name mit space.jpg too small for instagram conversion 
Fr 14. Jan 18:00:21 CET 2022 [INFO]: Image ./fotos/landung/name mit space.jpg too small for facebook conversion: 2048 
Fr 14. Jan 18:00:21 CET 2022 [INFO]: Image ./fotos/landung/name mit space.jpg too small for instagram conversion 
Fr 14. Jan 18:01:06 CET 2022 [INFO]: Image ./fotos/landung/name mit space.jpg too small for facebook conversion: 2048 
Fr 14. Jan 18:01:06 CET 2022 [INFO]: Image ./fotos/landung/name mit space.jpg too small for instagram conversion 
Fr 14. Jan 18:02:23 CET 2022 [INFO]: Image ./fotos/landung/name mit space.jpg too small for facebook conversion: 2048 
Fr 14. Jan 18:02:23 CET 2022 [INFO]: Image ./fotos/landung/name mit space.jpg too small for instagram conversion 
Fr 14. Jan 18:02:29 CET 2022 [INFO]: Image ./fotos/landung/name mit space.jpg too small for facebook conversion: 2048 
Fr 14. Jan 18:02:29 CET 2022 [INFO]: Image ./fotos/landung/name mit space.jpg too small for instagram conversion 
